0 info it worked if it ends with ok
1 verbose cli [ '/nix/store/3n5mvgxxsfxs8h06cdyasxg84gvrr6wa-nodejs-7.2.1/bin/node',
1 verbose cli   '/home/brodul/.nix-profile/bin/npm',
1 verbose cli   'run',
1 verbose cli   'serve' ]
2 info using npm@3.10.10
3 info using node@v7.2.1
4 verbose run-script [ 'preserve', 'serve', 'postserve' ]
5 info lifecycle reveal.js-webpack-starter@1.0.0~preserve: reveal.js-webpack-starter@1.0.0
6 silly lifecycle reveal.js-webpack-starter@1.0.0~preserve: no script for preserve, continuing
7 info lifecycle reveal.js-webpack-starter@1.0.0~serve: reveal.js-webpack-starter@1.0.0
8 verbose lifecycle reveal.js-webpack-starter@1.0.0~serve: unsafe-perm in lifecycle true
9 verbose lifecycle reveal.js-webpack-starter@1.0.0~serve: PATH: /nix/store/3n5mvgxxsfxs8h06cdyasxg84gvrr6wa-nodejs-7.2.1/lib/node_modules/npm/bin/node-gyp-bin:/home/brodul/public_projects/presentations/LJPyMeetup2017/node_modules/.bin:/nix/store/3n5mvgxxsfxs8h06cdyasxg84gvrr6wa-nodejs-7.2.1/bin:/home/brodul/mutable_node_modules/bin/:/home/brodul/bin:/run/wrappers/bin:/etc/per-user-pkgs/brodul/bin:/home/brodul/.nix-profile/bin:/nix/var/nix/profiles/default/bin:/run/current-system/sw/bin
10 verbose lifecycle reveal.js-webpack-starter@1.0.0~serve: CWD: /home/brodul/public_projects/presentations/LJPyMeetup2017
11 silly lifecycle reveal.js-webpack-starter@1.0.0~serve: Args: [ '-c', 'webpack-dev-server --content-base app/ --hot' ]
12 silly lifecycle reveal.js-webpack-starter@1.0.0~serve: Returned: code: 1  signal: null
13 info lifecycle reveal.js-webpack-starter@1.0.0~serve: Failed to exec serve script
14 verbose stack Error: reveal.js-webpack-starter@1.0.0 serve: `webpack-dev-server --content-base app/ --hot`
14 verbose stack Exit status 1
14 verbose stack     at EventEmitter.<anonymous> (/nix/store/3n5mvgxxsfxs8h06cdyasxg84gvrr6wa-nodejs-7.2.1/lib/node_modules/npm/lib/utils/lifecycle.js:255:16)
14 verbose stack     at emitTwo (events.js:106:13)
14 verbose stack     at EventEmitter.emit (events.js:191:7)
14 verbose stack     at ChildProcess.<anonymous> (/nix/store/3n5mvgxxsfxs8h06cdyasxg84gvrr6wa-nodejs-7.2.1/lib/node_modules/npm/lib/utils/spawn.js:40:14)
14 verbose stack     at emitTwo (events.js:106:13)
14 verbose stack     at ChildProcess.emit (events.js:191:7)
14 verbose stack     at maybeClose (internal/child_process.js:885:16)
14 verbose stack     at Process.ChildProcess._handle.onexit (internal/child_process.js:226:5)
15 verbose pkgid reveal.js-webpack-starter@1.0.0
16 verbose cwd /home/brodul/public_projects/presentations/LJPyMeetup2017
17 error Linux 4.12.10
18 error argv "/nix/store/3n5mvgxxsfxs8h06cdyasxg84gvrr6wa-nodejs-7.2.1/bin/node" "/home/brodul/.nix-profile/bin/npm" "run" "serve"
19 error node v7.2.1
20 error npm  v3.10.10
21 error code ELIFECYCLE
22 error reveal.js-webpack-starter@1.0.0 serve: `webpack-dev-server --content-base app/ --hot`
22 error Exit status 1
23 error Failed at the reveal.js-webpack-starter@1.0.0 serve script 'webpack-dev-server --content-base app/ --hot'.
23 error Make sure you have the latest version of node.js and npm installed.
23 error If you do, this is most likely a problem with the reveal.js-webpack-starter package,
23 error not with npm itself.
23 error Tell the author that this fails on your system:
23 error     webpack-dev-server --content-base app/ --hot
23 error You can get information on how to open an issue for this project with:
23 error     npm bugs reveal.js-webpack-starter
23 error Or if that isn't available, you can get their info via:
23 error     npm owner ls reveal.js-webpack-starter
23 error There is likely additional logging output above.
24 verbose exit [ 1, true ]
